Flow report for Part1
Sun May 22 19:27:15 2016
Quartus II 64-Bit Version 15.0.0 Build 145 04/22/2015 SJ Web Edition


---------------------
; Table of Contents ;
---------------------
  1. Legal Notice
  2. Flow Summary
  3. Flow Settings
  4. Flow Non-Default Global Settings
  5. Flow Elapsed Time
  6. Flow OS Summary
  7. Flow Log
  8. Flow Messages
  9. Flow Suppressed Messages



----------------
; Legal Notice ;
----------------
Copyright (C) 1991-2015 Altera Corporation. All rights reserved.
Your use of Altera Corporation's design tools, logic functions 
and other software and tools, and its AMPP partner logic 
functions, and any output files from any of the foregoing 
(including device programming or simulation files), and any 
associated documentation or information are expressly subject 
to the terms and conditions of the Altera Program License 
Subscription Agreement, the Altera Quartus II License Agreement,
the Altera MegaCore Function License Agreement, or other 
applicable license agreement, including, without limitation, 
that your use is for the sole purpose of programming logic 
devices manufactured by Altera and sold by Altera or its 
authorized distributors.  Please refer to the applicable 
agreement for further details.



+---------------------------------------------------------------------------------+
; Flow Summary                                                                    ;
+------------------------------------+--------------------------------------------+
; Flow Status                        ; Successful - Sun May 22 19:27:15 2016      ;
; Quartus II 64-Bit Version          ; 15.0.0 Build 145 04/22/2015 SJ Web Edition ;
; Revision Name                      ; Part1                                      ;
; Top-level Entity Name              ; Part1                                      ;
; Family                             ; Cyclone IV E                               ;
; Device                             ; EP4CE115F29C7                              ;
; Timing Models                      ; Final                                      ;
; Total logic elements               ; 268 / 114,480 ( < 1 % )                    ;
;     Total combinational functions  ; 246 / 114,480 ( < 1 % )                    ;
;     Dedicated logic registers      ; 147 / 114,480 ( < 1 % )                    ;
; Total registers                    ; 147                                        ;
; Total pins                         ; 30 / 529 ( 6 % )                           ;
; Total virtual pins                 ; 0                                          ;
; Total memory bits                  ; 2,048 / 3,981,312 ( < 1 % )                ;
; Embedded Multiplier 9-bit elements ; 0 / 532 ( 0 % )                            ;
; Total PLLs                         ; 0 / 4 ( 0 % )                              ;
+------------------------------------+--------------------------------------------+


+-----------------------------------------+
; Flow Settings                           ;
+-------------------+---------------------+
; Option            ; Setting             ;
+-------------------+---------------------+
; Start date & time ; 05/22/2016 19:26:28 ;
; Main task         ; Compilation         ;
; Revision Name     ; Part1               ;
+-------------------+---------------------+


+--------------------------------------------------------------------------------------------------------------------------------+
; Flow Non-Default Global Settings                                                                                               ;
+--------------------------------------+---------------------------------------+---------------+-------------+-------------------+
; Assignment Name                      ; Value                                 ; Default Value ; Entity Name ; Section Id        ;
+--------------------------------------+---------------------------------------+---------------+-------------+-------------------+
; COMPILER_SIGNATURE_ID                ; 233360587531039.146397038803236       ; --            ; --          ; --                ;
; EDA_DESIGN_INSTANCE_NAME             ; DUT                                   ; --            ; --          ; TestSystemControl ;
; EDA_NATIVELINK_SIMULATION_TEST_BENCH ; TestSystemControl                     ; --            ; --          ; eda_simulation    ;
; EDA_OUTPUT_DATA_FORMAT               ; Verilog Hdl                           ; --            ; --          ; eda_simulation    ;
; EDA_SIMULATION_TOOL                  ; ModelSim-Altera (Verilog)             ; <None>        ; --          ; --                ;
; EDA_TEST_BENCH_ENABLE_STATUS         ; TEST_BENCH_MODE                       ; --            ; --          ; eda_simulation    ;
; EDA_TEST_BENCH_FILE                  ; TestSystemControl.v                   ; --            ; --          ; TestSystemControl ;
; EDA_TEST_BENCH_MODULE_NAME           ; TestSystemControl                     ; --            ; --          ; TestSystemControl ;
; EDA_TEST_BENCH_NAME                  ; TestSystemControl                     ; --            ; --          ; eda_simulation    ;
; EDA_TIME_SCALE                       ; 1 ps                                  ; --            ; --          ; eda_simulation    ;
; MAX_CORE_JUNCTION_TEMP               ; 85                                    ; --            ; --          ; --                ;
; MIN_CORE_JUNCTION_TEMP               ; 0                                     ; --            ; --          ; --                ;
; MISC_FILE                            ; Part1ROM_inst.v                       ; --            ; --          ; --                ;
; MISC_FILE                            ; Part1ROM_bb.v                         ; --            ; --          ; --                ;
; OUTPUT_IO_TIMING_FAR_END_VMEAS       ; Half Signal Swing                     ; --            ; --          ; --                ;
; OUTPUT_IO_TIMING_FAR_END_VMEAS       ; Half Signal Swing                     ; --            ; --          ; --                ;
; OUTPUT_IO_TIMING_NEAR_END_VMEAS      ; Half Vccio                            ; --            ; --          ; --                ;
; OUTPUT_IO_TIMING_NEAR_END_VMEAS      ; Half Vccio                            ; --            ; --          ; --                ;
; PARTITION_COLOR                      ; 16764057                              ; --            ; --          ; Top               ;
; PARTITION_FITTER_PRESERVATION_LEVEL  ; PLACEMENT_AND_ROUTING                 ; --            ; --          ; Top               ;
; PARTITION_NETLIST_TYPE               ; SOURCE                                ; --            ; --          ; Top               ;
; POWER_BOARD_THERMAL_MODEL            ; None (CONSERVATIVE)                   ; --            ; --          ; --                ;
; POWER_PRESET_COOLING_SOLUTION        ; 23 MM HEAT SINK WITH 200 LFPM AIRFLOW ; --            ; --          ; --                ;
; PROJECT_OUTPUT_DIRECTORY             ; output_files                          ; --            ; --          ; --                ;
+--------------------------------------+---------------------------------------+---------------+-------------+-------------------+


+-------------------------------------------------------------------------------------------------------------------------------+
; Flow Elapsed Time                                                                                                             ;
+---------------------------+--------------+-------------------------+---------------------+------------------------------------+
; Module Name               ; Elapsed Time ; Average Processors Used ; Peak Virtual Memory ; Total CPU Time (on all processors) ;
+---------------------------+--------------+-------------------------+---------------------+------------------------------------+
; Analysis & Synthesis      ; 00:00:19     ; 1.0                     ; 760 MB              ; 00:00:40                           ;
; Fitter                    ; 00:00:12     ; 1.6                     ; 1682 MB             ; 00:00:15                           ;
; Assembler                 ; 00:00:04     ; 1.0                     ; 643 MB              ; 00:00:04                           ;
; TimeQuest Timing Analyzer ; 00:00:03     ; 1.0                     ; 834 MB              ; 00:00:02                           ;
; EDA Netlist Writer        ; 00:00:01     ; 1.0                     ; 616 MB              ; 00:00:01                           ;
; Total                     ; 00:00:39     ; --                      ; --                  ; 00:01:02                           ;
+---------------------------+--------------+-------------------------+---------------------+------------------------------------+


+----------------------------------------------------------------------------------------+
; Flow OS Summary                                                                        ;
+---------------------------+------------------+-----------+------------+----------------+
; Module Name               ; Machine Hostname ; OS Name   ; OS Version ; Processor type ;
+---------------------------+------------------+-----------+------------+----------------+
; Analysis & Synthesis      ; Zeeshan_PC       ; Windows 7 ; 6.2        ; x86_64         ;
; Fitter                    ; Zeeshan_PC       ; Windows 7 ; 6.2        ; x86_64         ;
; Assembler                 ; Zeeshan_PC       ; Windows 7 ; 6.2        ; x86_64         ;
; TimeQuest Timing Analyzer ; Zeeshan_PC       ; Windows 7 ; 6.2        ; x86_64         ;
; EDA Netlist Writer        ; Zeeshan_PC       ; Windows 7 ; 6.2        ; x86_64         ;
+---------------------------+------------------+-----------+------------+----------------+


------------
; Flow Log ;
------------
quartus_map --read_settings_files=on --write_settings_files=off Part1 -c Part1
quartus_fit --read_settings_files=off --write_settings_files=off Part1 -c Part1
quartus_asm --read_settings_files=off --write_settings_files=off Part1 -c Part1
quartus_sta Part1 -c Part1
quartus_eda --read_settings_files=off --write_settings_files=off Part1 -c Part1



